<?xml version="1.0" encoding="UTF-8"?>
<!-- Generated by org.testng.reporters.JUnitXMLReporter -->
<testsuite hostname="attunepc" name="Test" tests="10" failures="8" timestamp="25 Jun 2015 06:37:21 GMT" time="470.503" errors="0">
  <testcase name="getRecord" time="36.751" classname="Multiple_Records.Record3">
    <failure type="java.lang.IndexOutOfBoundsException" message="Index: 102, Size: 12">
      <![CDATA[java.lang.IndexOutOfBoundsException: Index: 102, Size: 12
	at java.util.ArrayList.rangeCheck(Unknown Source)
	at java.util.ArrayList.get(Unknown Source)
	at Multiple_Records.Record3.getRecord(Record3.java:56)
... Removed 23 stack frames]]>
    </failure>
  </testcase> <!-- getRecord -->
  <testcase name="cmaDataRead" time="6.284" classname="Multiple_Records.rec">
    <failure type="org.openqa.selenium.remote.UnreachableBrowserException" message="Error communicating with the remote browser. It may have died.
Build info: version: &amp;apos;2.45.0&amp;apos;, revision: &amp;apos;32a636c&amp;apos;, time: &amp;apos;2015-03-05 22:01:35&amp;apos;
System info: host: &amp;apos;attunepc&amp;apos;, ip: &amp;apos;192.168.15.20&amp;apos;, os.name: &amp;apos;Windows 8.1&amp;apos;, os.arch: &amp;apos;x86&amp;apos;, os.version: &amp;apos;6.3&amp;apos;, java.version: &amp;apos;1.7.0_67&amp;apos;
Driver info: driver.version: RemoteWebDriver">
      <![CDATA[org.openqa.selenium.remote.UnreachableBrowserException: Error communicating with the remote browser. It may have died.
Build info: version: '2.45.0', revision: '32a636c', time: '2015-03-05 22:01:35'
System info: host: 'attunepc', ip: '192.168.15.20', os.name: 'Windows 8.1', os.arch: 'x86', os.version: '6.3', java.version: '1.7.0_67'
Driver info: driver.version: RemoteWebDriver
	at org.openqa.selenium.remote.RemoteWebDriver.execute(RemoteWebDriver.java:593)
	at org.openqa.selenium.remote.RemoteWebDriver.findElement(RemoteWebDriver.java:352)
	at org.openqa.selenium.remote.RemoteWebDriver.findElementByXPath(RemoteWebDriver.java:449)
	at org.openqa.selenium.By$ByXPath.findElement(By.java:357)
	at org.openqa.selenium.remote.RemoteWebDriver.findElement(RemoteWebDriver.java:344)
	at Multiple_Records.rec.cmaDataRead(rec.java:75)
Caused by: org.apache.http.conn.HttpHostConnectException: Connect to 127.0.0.1:7055 [/127.0.0.1] failed: Connection refused: connect
	at org.apache.http.impl.conn.HttpClientConnectionOperator.connect(HttpClientConnectionOperator.java:142)
	at org.apache.http.impl.conn.PoolingHttpClientConnectionManager.connect(PoolingHttpClientConnectionManager.java:319)
	at org.apache.http.impl.execchain.MainClientExec.establishRoute(MainClientExec.java:363)
	at org.apache.http.impl.execchain.MainClientExec.execute(MainClientExec.java:219)
	at org.apache.http.impl.execchain.ProtocolExec.execute(ProtocolExec.java:195)
	at org.apache.http.impl.execchain.RetryExec.execute(RetryExec.java:86)
	at org.apache.http.impl.execchain.RedirectExec.execute(RedirectExec.java:108)
	at org.apache.http.impl.client.InternalHttpClient.doExecute(InternalHttpClient.java:184)
	at org.apache.http.impl.client.CloseableHttpClient.execute(CloseableHttpClient.java:72)
	at org.apache.http.impl.client.CloseableHttpClient.execute(CloseableHttpClient.java:57)
	at org.openqa.selenium.remote.internal.ApacheHttpClient.fallBackExecute(ApacheHttpClient.java:144)
	at org.openqa.selenium.remote.internal.ApacheHttpClient.execute(ApacheHttpClient.java:72)
	at org.openqa.selenium.remote.HttpCommandExecutor.execute(HttpCommandExecutor.java:133)
	at org.openqa.selenium.firefox.internal.NewProfileExtensionConnection.execute(NewProfileExtensionConnection.java:165)
	at org.openqa.selenium.firefox.FirefoxDriver$LazyCommandExecutor.execute(FirefoxDriver.java:362)
	at org.openqa.selenium.remote.RemoteWebDriver.execute(RemoteWebDriver.java:572)
	... 28 more
Caused by: java.net.ConnectException: Connection refused: connect
	at java.net.DualStackPlainSocketImpl.waitForConnect(Native Method)
	at java.net.DualStackPlainSocketImpl.socketConnect(Unknown Source)
	at java.net.AbstractPlainSocketImpl.doConnect(Unknown Source)
	at java.net.AbstractPlainSocketImpl.connectToAddress(Unknown Source)
	at java.net.AbstractPlainSocketImpl.connect(Unknown Source)
	at java.net.PlainSocketImpl.connect(Unknown Source)
	at java.net.SocksSocketImpl.connect(Unknown Source)
	at java.net.Socket.connect(Unknown Source)
	at org.apache.http.conn.socket.PlainConnectionSocketFactory.connectSocket(PlainConnectionSocketFactory.java:72)
	at org.apache.http.impl.conn.HttpClientConnectionOperator.connect(HttpClientConnectionOperator.java:125)
	... 43 more
... Removed 23 stack frames]]>
    </failure>
  </testcase> <!-- cmaDataRead -->
  <testcase name="getFileName" time="1.119" classname="Multiple_Records.ListofFile">
    <failure type="java.io.FileNotFoundException" message="D:\Records\records_151-250.csv (The system cannot find the file specified)">
      <![CDATA[java.io.FileNotFoundException: D:\Records\records_151-250.csv (The system cannot find the file specified)
	at java.io.FileInputStream.open(Native Method)
	at java.io.FileInputStream.<init>(Unknown Source)
	at java.io.FileInputStream.<init>(Unknown Source)
	at java.io.FileReader.<init>(Unknown Source)
	at Multiple_Records.ListofFile.getFileName(ListofFile.java:48)
... Removed 23 stack frames]]>
    </failure>
  </testcase> <!-- getFileName -->
  <testcase name="getAvmReport" time="0.0" classname="Multiple_Records.AVM">
    <failure type="java.io.FileNotFoundException" message="D:\Records\records_151-250.csv (The system cannot find the file specified)">
      <![CDATA[java.io.FileNotFoundException: D:\Records\records_151-250.csv (The system cannot find the file specified)
	at java.io.FileInputStream.open(Native Method)
	at java.io.FileInputStream.<init>(Unknown Source)
	at java.io.FileInputStream.<init>(Unknown Source)
	at java.io.FileReader.<init>(Unknown Source)
	at Multiple_Records.AVM.getAvmReport(AVM.java:45)
... Removed 23 stack frames]]>
    </failure>
  </testcase> <!-- getAvmReport -->
  <testcase name="getSearchLink" time="0.109" classname="Multiple_Records.SearchLink2"/>
  <testcase name="getSearchLink" time="0.016" classname="Multiple_Records.SearchLink3"/>
  <testcase name="getRecord" time="64.053" classname="Multiple_Records.Records2">
    <failure type="org.openqa.selenium.NoSuchElementException" message="Unable to locate element: {&amp;quot;method&amp;quot;:&amp;quot;xpath&amp;quot;,&amp;quot;selector&amp;quot;:&amp;quot;//input[@type=&amp;apos;email&amp;apos;]&amp;quot;}
Command duration or timeout: 10.09 seconds
For documentation on this error, please visit: http://seleniumhq.org/exceptions/no_such_element.html
Build info: version: &amp;apos;2.45.0&amp;apos;, revision: &amp;apos;32a636c&amp;apos;, time: &amp;apos;2015-03-05 22:01:35&amp;apos;
System info: host: &amp;apos;attunepc&amp;apos;, ip: &amp;apos;192.168.15.20&amp;apos;, os.name: &amp;apos;Windows 8.1&amp;apos;, os.arch: &amp;apos;x86&amp;apos;, os.version: &amp;apos;6.3&amp;apos;, java.version: &amp;apos;1.7.0_67&amp;apos;
*** Element info: {Using=xpath, value=//input[@type=&amp;apos;email&amp;apos;]}
Session ID: be990233-c0a4-4ff2-9fd3-445040f33f30
Driver info: org.openqa.selenium.firefox.FirefoxDriver
Capabilities [{platform=WINDOWS, acceptSslCerts=true, javascriptEnabled=true, cssSelectorsEnabled=true, databaseEnabled=true, browserName=firefox, handlesAlerts=true, nativeEvents=false, webStorageEnabled=true, rotatable=false, locationContextEnabled=true, applicationCacheEnabled=true, takesScreenshot=true, version=38.0.5}]">
      <![CDATA[org.openqa.selenium.NoSuchElementException: Unable to locate element: {"method":"xpath","selector":"//input[@type='email']"}
Command duration or timeout: 10.09 seconds
For documentation on this error, please visit: http://seleniumhq.org/exceptions/no_such_element.html
Build info: version: '2.45.0', revision: '32a636c', time: '2015-03-05 22:01:35'
System info: host: 'attunepc', ip: '192.168.15.20', os.name: 'Windows 8.1', os.arch: 'x86', os.version: '6.3', java.version: '1.7.0_67'
*** Element info: {Using=xpath, value=//input[@type='email']}
Session ID: be990233-c0a4-4ff2-9fd3-445040f33f30
Driver info: org.openqa.selenium.firefox.FirefoxDriver
Capabilities [{platform=WINDOWS, acceptSslCerts=true, javascriptEnabled=true, cssSelectorsEnabled=true, databaseEnabled=true, browserName=firefox, handlesAlerts=true, nativeEvents=false, webStorageEnabled=true, rotatable=false, locationContextEnabled=true, applicationCacheEnabled=true, takesScreenshot=true, version=38.0.5}]
	at org.openqa.selenium.remote.ErrorHandler.createThrowable(ErrorHandler.java:204)
	at org.openqa.selenium.remote.ErrorHandler.throwIfResponseFailed(ErrorHandler.java:156)
	at org.openqa.selenium.remote.RemoteWebDriver.execute(RemoteWebDriver.java:599)
	at org.openqa.selenium.remote.RemoteWebDriver.findElement(RemoteWebDriver.java:352)
	at org.openqa.selenium.remote.RemoteWebDriver.findElementByXPath(RemoteWebDriver.java:449)
	at org.openqa.selenium.By$ByXPath.findElement(By.java:357)
	at org.openqa.selenium.remote.RemoteWebDriver.findElement(RemoteWebDriver.java:344)
	at Multiple_Records.Records2.getRecord(Records2.java:34)
Caused by: org.openqa.selenium.NoSuchElementException: Unable to locate element: {"method":"xpath","selector":"//input[@type='email']"}
For documentation on this error, please visit: http://seleniumhq.org/exceptions/no_such_element.html
Build info: version: '2.45.0', revision: '32a636c', time: '2015-03-05 22:01:35'
System info: host: 'attunepc', ip: '192.168.15.20', os.name: 'Windows 8.1', os.arch: 'x86', os.version: '6.3', java.version: '1.7.0_67'
Driver info: driver.version: unknown
	at <anonymous class>.FirefoxDriver.prototype.findElementInternal_(file:///C:/Users/attune60/AppData/Local/Temp/anonymous8271002600267125212webdriver-profile/extensions/fxdriver@googlecode.com/components/driver-component.js:10271)
	at <anonymous class>.fxdriver.Timer.prototype.setTimeout/<.notify(file:///C:/Users/attune60/AppData/Local/Temp/anonymous8271002600267125212webdriver-profile/extensions/fxdriver@googlecode.com/components/driver-component.js:603)
... Removed 27 stack frames]]>
    </failure>
  </testcase> <!-- getRecord -->
  <testcase name="getSearchLink" time="130.406" classname="Multiple_Records.SearchLink">
    <failure type="org.openqa.selenium.remote.UnreachableBrowserException" message="Error communicating with the remote browser. It may have died.
Build info: version: &amp;apos;2.45.0&amp;apos;, revision: &amp;apos;32a636c&amp;apos;, time: &amp;apos;2015-03-05 22:01:35&amp;apos;
System info: host: &amp;apos;attunepc&amp;apos;, ip: &amp;apos;192.168.15.20&amp;apos;, os.name: &amp;apos;Windows 8.1&amp;apos;, os.arch: &amp;apos;x86&amp;apos;, os.version: &amp;apos;6.3&amp;apos;, java.version: &amp;apos;1.7.0_67&amp;apos;
Driver info: driver.version: RemoteWebDriver">
      <![CDATA[org.openqa.selenium.remote.UnreachableBrowserException: Error communicating with the remote browser. It may have died.
Build info: version: '2.45.0', revision: '32a636c', time: '2015-03-05 22:01:35'
System info: host: 'attunepc', ip: '192.168.15.20', os.name: 'Windows 8.1', os.arch: 'x86', os.version: '6.3', java.version: '1.7.0_67'
Driver info: driver.version: RemoteWebDriver
	at org.openqa.selenium.remote.RemoteWebDriver.execute(RemoteWebDriver.java:593)
	at org.openqa.selenium.remote.RemoteWebDriver.get(RemoteWebDriver.java:304)
	at Multiple_Records.SearchLink.getSearchLink(SearchLink.java:35)
Caused by: org.apache.http.conn.HttpHostConnectException: Connect to 127.0.0.1:7056 [/127.0.0.1] failed: Connection refused: connect
	at org.apache.http.impl.conn.HttpClientConnectionOperator.connect(HttpClientConnectionOperator.java:142)
	at org.apache.http.impl.conn.PoolingHttpClientConnectionManager.connect(PoolingHttpClientConnectionManager.java:319)
	at org.apache.http.impl.execchain.MainClientExec.establishRoute(MainClientExec.java:363)
	at org.apache.http.impl.execchain.MainClientExec.execute(MainClientExec.java:219)
	at org.apache.http.impl.execchain.ProtocolExec.execute(ProtocolExec.java:195)
	at org.apache.http.impl.execchain.RetryExec.execute(RetryExec.java:86)
	at org.apache.http.impl.execchain.RedirectExec.execute(RedirectExec.java:108)
	at org.apache.http.impl.client.InternalHttpClient.doExecute(InternalHttpClient.java:184)
	at org.apache.http.impl.client.CloseableHttpClient.execute(CloseableHttpClient.java:72)
	at org.apache.http.impl.client.CloseableHttpClient.execute(CloseableHttpClient.java:57)
	at org.openqa.selenium.remote.internal.ApacheHttpClient.fallBackExecute(ApacheHttpClient.java:144)
	at org.openqa.selenium.remote.internal.ApacheHttpClient.execute(ApacheHttpClient.java:72)
	at org.openqa.selenium.remote.HttpCommandExecutor.execute(HttpCommandExecutor.java:133)
	at org.openqa.selenium.firefox.internal.NewProfileExtensionConnection.execute(NewProfileExtensionConnection.java:165)
	at org.openqa.selenium.firefox.FirefoxDriver$LazyCommandExecutor.execute(FirefoxDriver.java:362)
	at org.openqa.selenium.remote.RemoteWebDriver.execute(RemoteWebDriver.java:572)
	... 25 more
Caused by: java.net.ConnectException: Connection refused: connect
	at java.net.DualStackPlainSocketImpl.waitForConnect(Native Method)
	at java.net.DualStackPlainSocketImpl.socketConnect(Unknown Source)
	at java.net.AbstractPlainSocketImpl.doConnect(Unknown Source)
	at java.net.AbstractPlainSocketImpl.connectToAddress(Unknown Source)
	at java.net.AbstractPlainSocketImpl.connect(Unknown Source)
	at java.net.PlainSocketImpl.connect(Unknown Source)
	at java.net.SocksSocketImpl.connect(Unknown Source)
	at java.net.Socket.connect(Unknown Source)
	at org.apache.http.conn.socket.PlainConnectionSocketFactory.connectSocket(PlainConnectionSocketFactory.java:72)
	at org.apache.http.impl.conn.HttpClientConnectionOperator.connect(HttpClientConnectionOperator.java:125)
	... 40 more
... Removed 23 stack frames]]>
    </failure>
  </testcase> <!-- getSearchLink -->
  <testcase name="getAvmReport" time="0.0" classname="Multiple_Records.GMAP">
    <failure type="java.io.FileNotFoundException" message="D:\Records\records_256-359.csv (The system cannot find the file specified)">
      <![CDATA[java.io.FileNotFoundException: D:\Records\records_256-359.csv (The system cannot find the file specified)
	at java.io.FileInputStream.open(Native Method)
	at java.io.FileInputStream.<init>(Unknown Source)
	at java.io.FileInputStream.<init>(Unknown Source)
	at java.io.FileReader.<init>(Unknown Source)
	at Multiple_Records.GMAP.getAvmReport(GMAP.java:43)
... Removed 23 stack frames]]>
    </failure>
  </testcase> <!-- getAvmReport -->
  <testcase name="getRecord" time="81.829" classname="Multiple_Records.Records">
    <failure type="org.openqa.selenium.WebDriverException" message="Failed to connect to binary FirefoxBinary(C:\Program Files\Mozilla Firefox\firefox.exe) on port 7055; process output follows: 
ponents/nsBrowserGlue.js, line 1890: NS_ERROR_UNEXPECTED: Component returned failure code: 0x8000ffff (NS_ERROR_UNEXPECTED) [nsIAnnotationService.getItemsWithAnnotation]
1435214195575	addons.manager	DEBUG	Loaded provider scope for resource://gre/modules/addons/XPIProvider.jsm: [&amp;quot;XPIProvider&amp;quot;]
1435214195576	addons.manager	DEBUG	Loaded provider scope for resource://gre/modules/LightweightThemeManager.jsm: [&amp;quot;LightweightThemeManager&amp;quot;]
1435214195579	addons.manager	DEBUG	Loaded provider scope for resource://gre/modules/addons/GMPProvider.jsm
1435214195580	addons.manager	DEBUG	Loaded provider scope for resource://gre/modules/addons/PluginProvider.jsm
1435214195580	addons.manager	DEBUG	Starting provider: XPIProvider
1435214195580	addons.xpi	DEBUG	startup
1435214195581	addons.xpi	INFO	Mapping fxdriver@googlecode.com to C:\Users\attune60\AppData\Local\Temp\anonymous5787485516189723971webdriver-profile\extensions\fxdriver@googlecode.com
1435214195581	addons.xpi	DEBUG	Ignoring file entry whose name is not a valid add-on ID: C:\Users\attune60\AppData\Local\Temp\anonymous5787485516189723971webdriver-profile\extensions\webdriver-staging
1435214195582	addons.xpi	INFO	Mapping {972ce4c6-7e08-4474-a285-3208198ce6fd} to C:\Program Files\Mozilla Firefox\browser\extensions\{972ce4c6-7e08-4474-a285-3208198ce6fd}
1435214195583	addons.xpi	DEBUG	Skipping unavailable install location app-system-share
1435214195583	addons.xpi	DEBUG	Skipping unavailable install location app-system-local
1435214195583	addons.xpi	WARN	Ignoring missing add-on in C:\Users\attune60\AppData\Roaming\Mozilla\Firefox\Profiles\g5o9pe6h.default\extensions\searchffv2@gmail.com
1435214195583	addons.xpi	WARN	Ignoring missing add-on in C:\Users\attune60\AppData\Roaming\Mozilla\Firefox\Profiles\g5o9pe6h.default\extensions\sweetsearch@gmail.com
1435214195583	addons.xpi	DEBUG	checkForChanges
1435214195584	addons.xpi	DEBUG	Loaded add-on state from prefs: {&amp;quot;app-profile&amp;quot;:{&amp;quot;fxdriver@googlecode.com&amp;quot;:{&amp;quot;d&amp;quot;:&amp;quot;C:\\Users\\attune60\\AppData\\Local\\Temp\\anonymous5787485516189723971webdriver-profile\\extensions\\fxdriver@googlecode.com&amp;quot;,&amp;quot;e&amp;quot;:true,&amp;quot;v&amp;quot;:&amp;quot;2.45.0&amp;quot;,&amp;quot;st&amp;quot;:1435214162482,&amp;quot;mt&amp;quot;:1435214162173}},&amp;quot;app-global&amp;quot;:{&amp;quot;{972ce4c6-7e08-4474-a285-3208198ce6fd}&amp;quot;:{&amp;quot;d&amp;quot;:&amp;quot;C:\\Program Files\\Mozilla Firefox\\browser\\extensions\\{972ce4c6-7e08-4474-a285-3208198ce6fd}&amp;quot;,&amp;quot;e&amp;quot;:true,&amp;quot;v&amp;quot;:&amp;quot;38.0.5&amp;quot;,&amp;quot;st&amp;quot;:1433322314480,&amp;quot;mt&amp;quot;:1433322314223}}}
1435214195584	addons.xpi	DEBUG	getModTime: Recursive scan of fxdriver@googlecode.com
1435214195593	addons.xpi	DEBUG	getModTime: Recursive scan of {972ce4c6-7e08-4474-a285-3208198ce6fd}
1435214195594	addons.xpi	DEBUG	getInstallState changed: false, state: {&amp;quot;app-profile&amp;quot;:{&amp;quot;fxdriver@googlecode.com&amp;quot;:{&amp;quot;d&amp;quot;:&amp;quot;C:\\Users\\attune60\\AppData\\Local\\Temp\\anonymous5787485516189723971webdriver-profile\\extensions\\fxdriver@googlecode.com&amp;quot;,&amp;quot;e&amp;quot;:true,&amp;quot;v&amp;quot;:&amp;quot;2.45.0&amp;quot;,&amp;quot;st&amp;quot;:1435214162482,&amp;quot;mt&amp;quot;:1435214162173}},&amp;quot;app-global&amp;quot;:{&amp;quot;{972ce4c6-7e08-4474-a285-3208198ce6fd}&amp;quot;:{&amp;quot;d&amp;quot;:&amp;quot;C:\\Program Files\\Mozilla Firefox\\browser\\extensions\\{972ce4c6-7e08-4474-a285-3208198ce6fd}&amp;quot;,&amp;quot;e&amp;quot;:true,&amp;quot;v&amp;quot;:&amp;quot;38.0.5&amp;quot;,&amp;quot;st&amp;quot;:1433322314480,&amp;quot;mt&amp;quot;:1433322314223}}}
1435214195595	addons.xpi	DEBUG	No changes found
1435214195596	addons.manager	DEBUG	Registering shutdown blocker for XPIProvider
1435214195596	addons.manager	DEBUG	Provider finished startup: XPIProvider
1435214195596	addons.manager	DEBUG	Starting provider: LightweightThemeManager
1435214195596	addons.manager	DEBUG	Registering shutdown blocker for LightweightThemeManager
1435214195597	addons.manager	DEBUG	Provider finished startup: LightweightThemeManager
1435214195597	addons.manager	DEBUG	Starting provider: GMPProvider
1435214195600	addons.manager	DEBUG	Registering shutdown blocker for GMPProvider
1435214195601	addons.manager	DEBUG	Provider finished startup: GMPProvider
1435214195601	addons.manager	DEBUG	Starting provider: PluginProvider
1435214195601	addons.manager	DEBUG	Registering shutdown blocker for PluginProvider
1435214195602	addons.manager	DEBUG	Provider finished startup: PluginProvider
1435214195602	addons.manager	DEBUG	Completed startup sequence

Build info: version: &amp;apos;2.45.0&amp;apos;, revision: &amp;apos;32a636c&amp;apos;, time: &amp;apos;2015-03-05 22:01:35&amp;apos;
System info: host: &amp;apos;attunepc&amp;apos;, ip: &amp;apos;192.168.15.20&amp;apos;, os.name: &amp;apos;Windows 8.1&amp;apos;, os.arch: &amp;apos;x86&amp;apos;, os.version: &amp;apos;6.3&amp;apos;, java.version: &amp;apos;1.7.0_67&amp;apos;
Driver info: driver.version: FirefoxDriver">
      <![CDATA[org.openqa.selenium.WebDriverException: Failed to connect to binary FirefoxBinary(C:\Program Files\Mozilla Firefox\firefox.exe) on port 7055; process output follows: 
ponents/nsBrowserGlue.js, line 1890: NS_ERROR_UNEXPECTED: Component returned failure code: 0x8000ffff (NS_ERROR_UNEXPECTED) [nsIAnnotationService.getItemsWithAnnotation]
1435214195575	addons.manager	DEBUG	Loaded provider scope for resource://gre/modules/addons/XPIProvider.jsm: ["XPIProvider"]
1435214195576	addons.manager	DEBUG	Loaded provider scope for resource://gre/modules/LightweightThemeManager.jsm: ["LightweightThemeManager"]
1435214195579	addons.manager	DEBUG	Loaded provider scope for resource://gre/modules/addons/GMPProvider.jsm
1435214195580	addons.manager	DEBUG	Loaded provider scope for resource://gre/modules/addons/PluginProvider.jsm
1435214195580	addons.manager	DEBUG	Starting provider: XPIProvider
1435214195580	addons.xpi	DEBUG	startup
1435214195581	addons.xpi	INFO	Mapping fxdriver@googlecode.com to C:\Users\attune60\AppData\Local\Temp\anonymous5787485516189723971webdriver-profile\extensions\fxdriver@googlecode.com
1435214195581	addons.xpi	DEBUG	Ignoring file entry whose name is not a valid add-on ID: C:\Users\attune60\AppData\Local\Temp\anonymous5787485516189723971webdriver-profile\extensions\webdriver-staging
1435214195582	addons.xpi	INFO	Mapping {972ce4c6-7e08-4474-a285-3208198ce6fd} to C:\Program Files\Mozilla Firefox\browser\extensions\{972ce4c6-7e08-4474-a285-3208198ce6fd}
1435214195583	addons.xpi	DEBUG	Skipping unavailable install location app-system-share
1435214195583	addons.xpi	DEBUG	Skipping unavailable install location app-system-local
1435214195583	addons.xpi	WARN	Ignoring missing add-on in C:\Users\attune60\AppData\Roaming\Mozilla\Firefox\Profiles\g5o9pe6h.default\extensions\searchffv2@gmail.com
1435214195583	addons.xpi	WARN	Ignoring missing add-on in C:\Users\attune60\AppData\Roaming\Mozilla\Firefox\Profiles\g5o9pe6h.default\extensions\sweetsearch@gmail.com
1435214195583	addons.xpi	DEBUG	checkForChanges
1435214195584	addons.xpi	DEBUG	Loaded add-on state from prefs: {"app-profile":{"fxdriver@googlecode.com":{"d":"C:\\Users\\attune60\\AppData\\Local\\Temp\\anonymous5787485516189723971webdriver-profile\\extensions\\fxdriver@googlecode.com","e":true,"v":"2.45.0","st":1435214162482,"mt":1435214162173}},"app-global":{"{972ce4c6-7e08-4474-a285-3208198ce6fd}":{"d":"C:\\Program Files\\Mozilla Firefox\\browser\\extensions\\{972ce4c6-7e08-4474-a285-3208198ce6fd}","e":true,"v":"38.0.5","st":1433322314480,"mt":1433322314223}}}
1435214195584	addons.xpi	DEBUG	getModTime: Recursive scan of fxdriver@googlecode.com
1435214195593	addons.xpi	DEBUG	getModTime: Recursive scan of {972ce4c6-7e08-4474-a285-3208198ce6fd}
1435214195594	addons.xpi	DEBUG	getInstallState changed: false, state: {"app-profile":{"fxdriver@googlecode.com":{"d":"C:\\Users\\attune60\\AppData\\Local\\Temp\\anonymous5787485516189723971webdriver-profile\\extensions\\fxdriver@googlecode.com","e":true,"v":"2.45.0","st":1435214162482,"mt":1435214162173}},"app-global":{"{972ce4c6-7e08-4474-a285-3208198ce6fd}":{"d":"C:\\Program Files\\Mozilla Firefox\\browser\\extensions\\{972ce4c6-7e08-4474-a285-3208198ce6fd}","e":true,"v":"38.0.5","st":1433322314480,"mt":1433322314223}}}
1435214195595	addons.xpi	DEBUG	No changes found
1435214195596	addons.manager	DEBUG	Registering shutdown blocker for XPIProvider
1435214195596	addons.manager	DEBUG	Provider finished startup: XPIProvider
1435214195596	addons.manager	DEBUG	Starting provider: LightweightThemeManager
1435214195596	addons.manager	DEBUG	Registering shutdown blocker for LightweightThemeManager
1435214195597	addons.manager	DEBUG	Provider finished startup: LightweightThemeManager
1435214195597	addons.manager	DEBUG	Starting provider: GMPProvider
1435214195600	addons.manager	DEBUG	Registering shutdown blocker for GMPProvider
1435214195601	addons.manager	DEBUG	Provider finished startup: GMPProvider
1435214195601	addons.manager	DEBUG	Starting provider: PluginProvider
1435214195601	addons.manager	DEBUG	Registering shutdown blocker for PluginProvider
1435214195602	addons.manager	DEBUG	Provider finished startup: PluginProvider
1435214195602	addons.manager	DEBUG	Completed startup sequence

Build info: version: '2.45.0', revision: '32a636c', time: '2015-03-05 22:01:35'
System info: host: 'attunepc', ip: '192.168.15.20', os.name: 'Windows 8.1', os.arch: 'x86', os.version: '6.3', java.version: '1.7.0_67'
Driver info: driver.version: FirefoxDriver
	at org.openqa.selenium.firefox.internal.NewProfileExtensionConnection.start(NewProfileExtensionConnection.java:130)
	at org.openqa.selenium.firefox.FirefoxDriver.startClient(FirefoxDriver.java:246)
	at org.openqa.selenium.remote.RemoteWebDriver.<init>(RemoteWebDriver.java:114)
	at org.openqa.selenium.firefox.FirefoxDriver.<init>(FirefoxDriver.java:193)
	at org.openqa.selenium.firefox.FirefoxDriver.<init>(FirefoxDriver.java:186)
	at org.openqa.selenium.firefox.FirefoxDriver.<init>(FirefoxDriver.java:182)
	at org.openqa.selenium.firefox.FirefoxDriver.<init>(FirefoxDriver.java:95)
	at Multiple_Records.Records.getRecord(Records.java:24)
Caused by: org.openqa.selenium.firefox.NotConnectedException: Unable to connect to host 127.0.0.1 on port 7055 after 45000 ms. Firefox console output:
ponents/nsBrowserGlue.js, line 1890: NS_ERROR_UNEXPECTED: Component returned failure code: 0x8000ffff (NS_ERROR_UNEXPECTED) [nsIAnnotationService.getItemsWithAnnotation]
1435214195575	addons.manager	DEBUG	Loaded provider scope for resource://gre/modules/addons/XPIProvider.jsm: ["XPIProvider"]
1435214195576	addons.manager	DEBUG	Loaded provider scope for resource://gre/modules/LightweightThemeManager.jsm: ["LightweightThemeManager"]
1435214195579	addons.manager	DEBUG	Loaded provider scope for resource://gre/modules/addons/GMPProvider.jsm
1435214195580	addons.manager	DEBUG	Loaded provider scope for resource://gre/modules/addons/PluginProvider.jsm
1435214195580	addons.manager	DEBUG	Starting provider: XPIProvider
1435214195580	addons.xpi	DEBUG	startup
1435214195581	addons.xpi	INFO	Mapping fxdriver@googlecode.com to C:\Users\attune60\AppData\Local\Temp\anonymous5787485516189723971webdriver-profile\extensions\fxdriver@googlecode.com
1435214195581	addons.xpi	DEBUG	Ignoring file entry whose name is not a valid add-on ID: C:\Users\attune60\AppData\Local\Temp\anonymous5787485516189723971webdriver-profile\extensions\webdriver-staging
1435214195582	addons.xpi	INFO	Mapping {972ce4c6-7e08-4474-a285-3208198ce6fd} to C:\Program Files\Mozilla Firefox\browser\extensions\{972ce4c6-7e08-4474-a285-3208198ce6fd}
1435214195583	addons.xpi	DEBUG	Skipping unavailable install location app-system-share
1435214195583	addons.xpi	DEBUG	Skipping unavailable install location app-system-local
1435214195583	addons.xpi	WARN	Ignoring missing add-on in C:\Users\attune60\AppData\Roaming\Mozilla\Firefox\Profiles\g5o9pe6h.default\extensions\searchffv2@gmail.com
1435214195583	addons.xpi	WARN	Ignoring missing add-on in C:\Users\attune60\AppData\Roaming\Mozilla\Firefox\Profiles\g5o9pe6h.default\extensions\sweetsearch@gmail.com
1435214195583	addons.xpi	DEBUG	checkForChanges
1435214195584	addons.xpi	DEBUG	Loaded add-on state from prefs: {"app-profile":{"fxdriver@googlecode.com":{"d":"C:\\Users\\attune60\\AppData\\Local\\Temp\\anonymous5787485516189723971webdriver-profile\\extensions\\fxdriver@googlecode.com","e":true,"v":"2.45.0","st":1435214162482,"mt":1435214162173}},"app-global":{"{972ce4c6-7e08-4474-a285-3208198ce6fd}":{"d":"C:\\Program Files\\Mozilla Firefox\\browser\\extensions\\{972ce4c6-7e08-4474-a285-3208198ce6fd}","e":true,"v":"38.0.5","st":1433322314480,"mt":1433322314223}}}
1435214195584	addons.xpi	DEBUG	getModTime: Recursive scan of fxdriver@googlecode.com
1435214195593	addons.xpi	DEBUG	getModTime: Recursive scan of {972ce4c6-7e08-4474-a285-3208198ce6fd}
1435214195594	addons.xpi	DEBUG	getInstallState changed: false, state: {"app-profile":{"fxdriver@googlecode.com":{"d":"C:\\Users\\attune60\\AppData\\Local\\Temp\\anonymous5787485516189723971webdriver-profile\\extensions\\fxdriver@googlecode.com","e":true,"v":"2.45.0","st":1435214162482,"mt":1435214162173}},"app-global":{"{972ce4c6-7e08-4474-a285-3208198ce6fd}":{"d":"C:\\Program Files\\Mozilla Firefox\\browser\\extensions\\{972ce4c6-7e08-4474-a285-3208198ce6fd}","e":true,"v":"38.0.5","st":1433322314480,"mt":1433322314223}}}
1435214195595	addons.xpi	DEBUG	No changes found
1435214195596	addons.manager	DEBUG	Registering shutdown blocker for XPIProvider
1435214195596	addons.manager	DEBUG	Provider finished startup: XPIProvider
1435214195596	addons.manager	DEBUG	Starting provider: LightweightThemeManager
1435214195596	addons.manager	DEBUG	Registering shutdown blocker for LightweightThemeManager
1435214195597	addons.manager	DEBUG	Provider finished startup: LightweightThemeManager
1435214195597	addons.manager	DEBUG	Starting provider: GMPProvider
1435214195600	addons.manager	DEBUG	Registering shutdown blocker for GMPProvider
1435214195601	addons.manager	DEBUG	Provider finished startup: GMPProvider
1435214195601	addons.manager	DEBUG	Starting provider: PluginProvider
1435214195601	addons.manager	DEBUG	Registering shutdown blocker for PluginProvider
1435214195602	addons.manager	DEBUG	Provider finished startup: PluginProvider
1435214195602	addons.manager	DEBUG	Completed startup sequence

	at org.openqa.selenium.firefox.internal.NewProfileExtensionConnection.start(NewProfileExtensionConnection.java:118)
	... 30 more
... Removed 23 stack frames]]>
    </failure>
  </testcase> <!-- getRecord -->
</testsuite> <!-- Test -->
